{
  "RSpec": {
    "coverage": {
      "/Users/adamromano/Documents/GitHub/TicTacToe/spec/board_spec.rb": [
        1,
        null,
        1,
        10,
        null,
        1,
        1,
        1,
        null,
        null,
        1,
        1,
        null,
        null,
        1,
        1,
        null,
        null,
        1,
        1,
        null,
        null,
        1,
        1,
        null,
        null,
        1,
        1,
        null,
        null,
        1,
        1,
        null,
        null,
        1,
        1,
        1,
        9,
        null,
        1,
        null,
        null,
        null,
        1,
        1,
        1,
        null,
        null,
        1,
        1,
        null,
        null,
        1,
        1,
        1,
        null,
        null,
        1,
        1,
        1,
        null,
        null,
        null
      ],
      "/Users/adamromano/Documents/GitHub/TicTacToe/lib/board.rb": [
        null,
        null,
        1,
        1,
        null,
        1,
        10,
        10,
        null,
        null,
        1,
        4,
        4,
        4,
        4,
        null,
        null,
        1,
        null,
        1,
        4,
        null,
        null,
        1,
        4,
        null,
        null,
        1,
        116,
        null,
        null
      ],
      "/Users/adamromano/Documents/GitHub/TicTacToe/spec/game_spec.rb": [
        1,
        null,
        1,
        7,
        7,
        7,
        7,
        7,
        7,
        6,
        null,
        1,
        6,
        6,
        6,
        null,
        null,
        1,
        1,
        1,
        null,
        null,
        1,
        1,
        null,
        null,
        1,
        1,
        null,
        null,
        null,
        1,
        1,
        3,
        null,
        null,
        1,
        1,
        null,
        null,
        1,
        1,
        1,
        null,
        null,
        1,
        2,
        null,
        null,
        null
      ],
      "/Users/adamromano/Documents/GitHub/TicTacToe/lib/game.rb": [
        1,
        1,
        null,
        1,
        1,
        null,
        1,
        5,
        5,
        null,
        null,
        1,
        2,
        2,
        null,
        null,
        1,
        null,
        1,
        2,
        null,
        null,
        1,
        5,
        null,
        null
      ],
      "/Users/adamromano/Documents/GitHub/TicTacToe/lib/player.rb": [
        null,
        1,
        1,
        null,
        1,
        6,
        6,
        null,
        null,
        1,
        1,
        null,
        null
      ],
      "/Users/adamromano/Documents/GitHub/TicTacToe/lib/turn_manager.rb": [
        null,
        1,
        1,
        null,
        1,
        12,
        12,
        12,
        null,
        null,
        1,
        5,
        5,
        null,
        null,
        1,
        null,
        1,
        2,
        2,
        null,
        null
      ],
      "/Users/adamromano/Documents/GitHub/TicTacToe/spec/player_spec.rb": [
        1,
        null,
        1,
        7,
        null,
        1,
        1,
        1,
        null,
        null,
        1,
        1,
        null,
        null,
        1,
        1,
        null,
        null,
        1,
        1,
        null,
        null,
        1,
        1,
        null,
        null,
        null,
        1,
        1,
        1,
        null,
        null,
        1,
        1,
        1,
        null,
        null,
        null
      ],
      "/Users/adamromano/Documents/GitHub/TicTacToe/spec/turn_manager_spec.rb": [
        1,
        null,
        1,
        13,
        13,
        13,
        13,
        13,
        null,
        1,
        1,
        1,
        null,
        null,
        1,
        1,
        null,
        null,
        1,
        1,
        null,
        null,
        1,
        1,
        null,
        null,
        1,
        1,
        null,
        null,
        1,
        1,
        null,
        null,
        1,
        1,
        null,
        null,
        null,
        1,
        1,
        6,
        null,
        null,
        1,
        1,
        null,
        null,
        1,
        1,
        1,
        null,
        null,
        1,
        1,
        1,
        1,
        null,
        null,
        1,
        1,
        1,
        1,
        null,
        null,
        1,
        1,
        1,
        1,
        null,
        null,
        1,
        1,
        1,
        1,
        null,
        null,
        null
      ]
    },
    "timestamp": 1507056844
  }
}
